
-----------------------------------------------------------------
  pg_upgrade run on Thu Nov  9 17:26:49 2017
-----------------------------------------------------------------

check for "/usr/local/Cellar/postgresql/9.2.3/bin" failed: No such file or directory


-----------------------------------------------------------------
  pg_upgrade run on Thu Nov  9 17:27:13 2017
-----------------------------------------------------------------

check for "/usr/local/Cellar/postgresql/9.3/bin" failed: No such file or directory


-----------------------------------------------------------------
  pg_upgrade run on Thu Nov  9 17:28:35 2017
-----------------------------------------------------------------

could not get pg_ctl version data using "/usr/local/Cellar/postgresql/9.4.5/bin/pg_ctl" --version: Undefined error: 0

-----------------------------------------------------------------
  pg_upgrade run on Thu Nov  9 17:29:14 2017
-----------------------------------------------------------------

Performing Consistency Checks
-----------------------------
Checking cluster versions                                   New cluster data and binary directories are from different major versions.

-----------------------------------------------------------------
  pg_upgrade run on Thu Nov  9 17:29:51 2017
-----------------------------------------------------------------

Performing Consistency Checks
-----------------------------
Checking cluster versions                                   New cluster data and binary directories are from different major versions.
